<?xml version="1.0" encoding="UTF-8"?>
<!-- Generated by org.testng.reporters.JUnitReportReporter -->
<testsuite skipped="0" hostname="DESKTOP-89OTHQ5" name="com.jbk.PoiWrite" tests="1" failures="0" timestamp="21 Jul 2020 02:52:54 GMT" time="4.320" errors="0">
  <testcase name="test01" time="4.320" classname="com.jbk.PoiWrite"/>
</testsuite> <!-- com.jbk.PoiWrite -->
